ARM GAS  /tmp/ccMyckvM.s 			page 1


   1              		.syntax unified
   2              		.cpu cortex-m7
   3              		.eabi_attribute 27, 1
   4              		.eabi_attribute 28, 1
   5              		.fpu fpv5-sp-d16
   6              		.eabi_attribute 20, 1
   7              		.eabi_attribute 21, 1
   8              		.eabi_attribute 23, 3
   9              		.eabi_attribute 24, 1
  10              		.eabi_attribute 25, 1
  11              		.eabi_attribute 26, 1
  12              		.eabi_attribute 30, 6
  13              		.eabi_attribute 34, 1
  14              		.eabi_attribute 18, 4
  15              		.thumb
  16              		.file	"stm32f7xx_hal_msp.c"
  17              		.text
  18              	.Ltext0:
  19              		.cfi_sections	.debug_frame
  20              		.section	.text.HAL_MspInit,"ax",%progbits
  21              		.align	2
  22              		.global	HAL_MspInit
  23              		.thumb
  24              		.thumb_func
  26              	HAL_MspInit:
  27              	.LFB135:
  28              		.file 1 "Src/stm32f7xx_hal_msp.c"
   1:Src/stm32f7xx_hal_msp.c **** /**
   2:Src/stm32f7xx_hal_msp.c ****   ******************************************************************************
   3:Src/stm32f7xx_hal_msp.c ****   * File Name          : stm32f7xx_hal_msp.c
   4:Src/stm32f7xx_hal_msp.c ****   * Description        : This file provides code for the MSP Initialization 
   5:Src/stm32f7xx_hal_msp.c ****   *                      and de-Initialization codes.
   6:Src/stm32f7xx_hal_msp.c ****   ******************************************************************************
   7:Src/stm32f7xx_hal_msp.c ****   *
   8:Src/stm32f7xx_hal_msp.c ****   * Copyright (c) 2017 STMicroelectronics International N.V. 
   9:Src/stm32f7xx_hal_msp.c ****   * All rights reserved.
  10:Src/stm32f7xx_hal_msp.c ****   *
  11:Src/stm32f7xx_hal_msp.c ****   * Redistribution and use in source and binary forms, with or without 
  12:Src/stm32f7xx_hal_msp.c ****   * modification, are permitted, provided that the following conditions are met:
  13:Src/stm32f7xx_hal_msp.c ****   *
  14:Src/stm32f7xx_hal_msp.c ****   * 1. Redistribution of source code must retain the above copyright notice, 
  15:Src/stm32f7xx_hal_msp.c ****   *    this list of conditions and the following disclaimer.
  16:Src/stm32f7xx_hal_msp.c ****   * 2. Redistributions in binary form must reproduce the above copyright notice,
  17:Src/stm32f7xx_hal_msp.c ****   *    this list of conditions and the following disclaimer in the documentation
  18:Src/stm32f7xx_hal_msp.c ****   *    and/or other materials provided with the distribution.
  19:Src/stm32f7xx_hal_msp.c ****   * 3. Neither the name of STMicroelectronics nor the names of other 
  20:Src/stm32f7xx_hal_msp.c ****   *    contributors to this software may be used to endorse or promote products 
  21:Src/stm32f7xx_hal_msp.c ****   *    derived from this software without specific written permission.
  22:Src/stm32f7xx_hal_msp.c ****   * 4. This software, including modifications and/or derivative works of this 
  23:Src/stm32f7xx_hal_msp.c ****   *    software, must execute solely and exclusively on microcontroller or
  24:Src/stm32f7xx_hal_msp.c ****   *    microprocessor devices manufactured by or for STMicroelectronics.
  25:Src/stm32f7xx_hal_msp.c ****   * 5. Redistribution and use of this software other than as permitted under 
  26:Src/stm32f7xx_hal_msp.c ****   *    this license is void and will automatically terminate your rights under 
  27:Src/stm32f7xx_hal_msp.c ****   *    this license. 
  28:Src/stm32f7xx_hal_msp.c ****   *
  29:Src/stm32f7xx_hal_msp.c ****   * THIS SOFTWARE IS PROVIDED BY STMICROELECTRONICS AND CONTRIBUTORS "AS IS" 
  30:Src/stm32f7xx_hal_msp.c ****   * AND ANY EXPRESS, IMPLIED OR STATUTORY WARRANTIES, INCLUDING, BUT NOT 
ARM GAS  /tmp/ccMyckvM.s 			page 2


  31:Src/stm32f7xx_hal_msp.c ****   * LIMITED TO, THE IMPLIED WARRANTIES OF MERCHANTABILITY, FITNESS FOR A 
  32:Src/stm32f7xx_hal_msp.c ****   * PARTICULAR PURPOSE AND NON-INFRINGEMENT OF THIRD PARTY INTELLECTUAL PROPERTY
  33:Src/stm32f7xx_hal_msp.c ****   * RIGHTS ARE DISCLAIMED TO THE FULLEST EXTENT PERMITTED BY LAW. IN NO EVENT 
  34:Src/stm32f7xx_hal_msp.c ****   * SHALL STMICROELECTRONICS OR CONTRIBUTORS BE LIABLE FOR ANY DIRECT, INDIRECT,
  35:Src/stm32f7xx_hal_msp.c ****   * INCIDENTAL, SPECIAL, EXEMPLARY, OR CONSEQUENTIAL DAMAGES (INCLUDING, BUT NOT
  36:Src/stm32f7xx_hal_msp.c ****   * LIMITED TO, PROCUREMENT OF SUBSTITUTE GOODS OR SERVICES; LOSS OF USE, DATA, 
  37:Src/stm32f7xx_hal_msp.c ****   * OR PROFITS; OR BUSINESS INTERRUPTION) HOWEVER CAUSED AND ON ANY THEORY OF 
  38:Src/stm32f7xx_hal_msp.c ****   * LIABILITY, WHETHER IN CONTRACT, STRICT LIABILITY, OR TORT (INCLUDING 
  39:Src/stm32f7xx_hal_msp.c ****   * NEGLIGENCE OR OTHERWISE) ARISING IN ANY WAY OUT OF THE USE OF THIS SOFTWARE,
  40:Src/stm32f7xx_hal_msp.c ****   * EVEN IF ADVISED OF THE POSSIBILITY OF SUCH DAMAGE.
  41:Src/stm32f7xx_hal_msp.c ****   *
  42:Src/stm32f7xx_hal_msp.c ****   ******************************************************************************
  43:Src/stm32f7xx_hal_msp.c ****   */
  44:Src/stm32f7xx_hal_msp.c **** /* Includes ------------------------------------------------------------------*/
  45:Src/stm32f7xx_hal_msp.c **** #include "stm32f7xx_hal.h"
  46:Src/stm32f7xx_hal_msp.c **** 
  47:Src/stm32f7xx_hal_msp.c **** extern void Error_Handler(void);
  48:Src/stm32f7xx_hal_msp.c **** /* USER CODE BEGIN 0 */
  49:Src/stm32f7xx_hal_msp.c **** 
  50:Src/stm32f7xx_hal_msp.c **** /* USER CODE END 0 */
  51:Src/stm32f7xx_hal_msp.c **** /**
  52:Src/stm32f7xx_hal_msp.c ****   * Initializes the Global MSP.
  53:Src/stm32f7xx_hal_msp.c ****   */
  54:Src/stm32f7xx_hal_msp.c **** void HAL_MspInit(void)
  55:Src/stm32f7xx_hal_msp.c **** {
  29              		.loc 1 55 0
  30              		.cfi_startproc
  31              		@ args = 0, pretend = 0, frame = 0
  32              		@ frame_needed = 1, uses_anonymous_args = 0
  33 0000 80B5     		push	{r7, lr}
  34              	.LCFI0:
  35              		.cfi_def_cfa_offset 8
  36              		.cfi_offset 7, -8
  37              		.cfi_offset 14, -4
  38 0002 00AF     		add	r7, sp, #0
  39              	.LCFI1:
  40              		.cfi_def_cfa_register 7
  56:Src/stm32f7xx_hal_msp.c ****   /* USER CODE BEGIN MspInit 0 */
  57:Src/stm32f7xx_hal_msp.c **** 
  58:Src/stm32f7xx_hal_msp.c ****   /* USER CODE END MspInit 0 */
  59:Src/stm32f7xx_hal_msp.c **** 
  60:Src/stm32f7xx_hal_msp.c ****   HAL_NVIC_SetPriorityGrouping(NVIC_PRIORITYGROUP_4);
  41              		.loc 1 60 0
  42 0004 0320     		movs	r0, #3
  43 0006 FFF7FEFF 		bl	HAL_NVIC_SetPriorityGrouping
  61:Src/stm32f7xx_hal_msp.c **** 
  62:Src/stm32f7xx_hal_msp.c ****   /* System interrupt init*/
  63:Src/stm32f7xx_hal_msp.c ****   /* MemoryManagement_IRQn interrupt configuration */
  64:Src/stm32f7xx_hal_msp.c ****   HAL_NVIC_SetPriority(MemoryManagement_IRQn, 0, 0);
  44              		.loc 1 64 0
  45 000a 6FF00B00 		mvn	r0, #11
  46 000e 0021     		movs	r1, #0
  47 0010 0022     		movs	r2, #0
  48 0012 FFF7FEFF 		bl	HAL_NVIC_SetPriority
  65:Src/stm32f7xx_hal_msp.c ****   /* BusFault_IRQn interrupt configuration */
  66:Src/stm32f7xx_hal_msp.c ****   HAL_NVIC_SetPriority(BusFault_IRQn, 0, 0);
  49              		.loc 1 66 0
ARM GAS  /tmp/ccMyckvM.s 			page 3


  50 0016 6FF00A00 		mvn	r0, #10
  51 001a 0021     		movs	r1, #0
  52 001c 0022     		movs	r2, #0
  53 001e FFF7FEFF 		bl	HAL_NVIC_SetPriority
  67:Src/stm32f7xx_hal_msp.c ****   /* UsageFault_IRQn interrupt configuration */
  68:Src/stm32f7xx_hal_msp.c ****   HAL_NVIC_SetPriority(UsageFault_IRQn, 0, 0);
  54              		.loc 1 68 0
  55 0022 6FF00900 		mvn	r0, #9
  56 0026 0021     		movs	r1, #0
  57 0028 0022     		movs	r2, #0
  58 002a FFF7FEFF 		bl	HAL_NVIC_SetPriority
  69:Src/stm32f7xx_hal_msp.c ****   /* SVCall_IRQn interrupt configuration */
  70:Src/stm32f7xx_hal_msp.c ****   HAL_NVIC_SetPriority(SVCall_IRQn, 0, 0);
  59              		.loc 1 70 0
  60 002e 6FF00400 		mvn	r0, #4
  61 0032 0021     		movs	r1, #0
  62 0034 0022     		movs	r2, #0
  63 0036 FFF7FEFF 		bl	HAL_NVIC_SetPriority
  71:Src/stm32f7xx_hal_msp.c ****   /* DebugMonitor_IRQn interrupt configuration */
  72:Src/stm32f7xx_hal_msp.c ****   HAL_NVIC_SetPriority(DebugMonitor_IRQn, 0, 0);
  64              		.loc 1 72 0
  65 003a 6FF00300 		mvn	r0, #3
  66 003e 0021     		movs	r1, #0
  67 0040 0022     		movs	r2, #0
  68 0042 FFF7FEFF 		bl	HAL_NVIC_SetPriority
  73:Src/stm32f7xx_hal_msp.c ****   /* PendSV_IRQn interrupt configuration */
  74:Src/stm32f7xx_hal_msp.c ****   HAL_NVIC_SetPriority(PendSV_IRQn, 15, 0);
  69              		.loc 1 74 0
  70 0046 6FF00100 		mvn	r0, #1
  71 004a 0F21     		movs	r1, #15
  72 004c 0022     		movs	r2, #0
  73 004e FFF7FEFF 		bl	HAL_NVIC_SetPriority
  75:Src/stm32f7xx_hal_msp.c ****   /* SysTick_IRQn interrupt configuration */
  76:Src/stm32f7xx_hal_msp.c ****   HAL_NVIC_SetPriority(SysTick_IRQn, 15, 0);
  74              		.loc 1 76 0
  75 0052 4FF0FF30 		mov	r0, #-1
  76 0056 0F21     		movs	r1, #15
  77 0058 0022     		movs	r2, #0
  78 005a FFF7FEFF 		bl	HAL_NVIC_SetPriority
  77:Src/stm32f7xx_hal_msp.c **** 
  78:Src/stm32f7xx_hal_msp.c ****   /* USER CODE BEGIN MspInit 1 */
  79:Src/stm32f7xx_hal_msp.c **** 
  80:Src/stm32f7xx_hal_msp.c ****   /* USER CODE END MspInit 1 */
  81:Src/stm32f7xx_hal_msp.c **** }
  79              		.loc 1 81 0
  80 005e 80BD     		pop	{r7, pc}
  81              		.cfi_endproc
  82              	.LFE135:
  84              		.section	.text.HAL_RTC_MspInit,"ax",%progbits
  85              		.align	2
  86              		.global	HAL_RTC_MspInit
  87              		.thumb
  88              		.thumb_func
  90              	HAL_RTC_MspInit:
  91              	.LFB136:
  82:Src/stm32f7xx_hal_msp.c **** 
  83:Src/stm32f7xx_hal_msp.c **** void HAL_RTC_MspInit(RTC_HandleTypeDef* hrtc)
ARM GAS  /tmp/ccMyckvM.s 			page 4


  84:Src/stm32f7xx_hal_msp.c **** {
  92              		.loc 1 84 0
  93              		.cfi_startproc
  94              		@ args = 0, pretend = 0, frame = 8
  95              		@ frame_needed = 1, uses_anonymous_args = 0
  96              		@ link register save eliminated.
  97 0000 80B4     		push	{r7}
  98              	.LCFI2:
  99              		.cfi_def_cfa_offset 4
 100              		.cfi_offset 7, -4
 101 0002 83B0     		sub	sp, sp, #12
 102              	.LCFI3:
 103              		.cfi_def_cfa_offset 16
 104 0004 00AF     		add	r7, sp, #0
 105              	.LCFI4:
 106              		.cfi_def_cfa_register 7
 107 0006 7860     		str	r0, [r7, #4]
  85:Src/stm32f7xx_hal_msp.c **** 
  86:Src/stm32f7xx_hal_msp.c ****   if(hrtc->Instance==RTC)
 108              		.loc 1 86 0
 109 0008 7B68     		ldr	r3, [r7, #4]
 110 000a 1B68     		ldr	r3, [r3]
 111 000c 064A     		ldr	r2, .L4
 112 000e 9342     		cmp	r3, r2
 113 0010 05D1     		bne	.L2
  87:Src/stm32f7xx_hal_msp.c ****   {
  88:Src/stm32f7xx_hal_msp.c ****   /* USER CODE BEGIN RTC_MspInit 0 */
  89:Src/stm32f7xx_hal_msp.c **** 
  90:Src/stm32f7xx_hal_msp.c ****   /* USER CODE END RTC_MspInit 0 */
  91:Src/stm32f7xx_hal_msp.c ****     /* Peripheral clock enable */
  92:Src/stm32f7xx_hal_msp.c ****     __HAL_RCC_RTC_ENABLE();
 114              		.loc 1 92 0
 115 0012 064A     		ldr	r2, .L4+4
 116 0014 054B     		ldr	r3, .L4+4
 117 0016 1B6F     		ldr	r3, [r3, #112]
 118 0018 43F40043 		orr	r3, r3, #32768
 119 001c 1367     		str	r3, [r2, #112]
 120              	.L2:
  93:Src/stm32f7xx_hal_msp.c ****   /* USER CODE BEGIN RTC_MspInit 1 */
  94:Src/stm32f7xx_hal_msp.c **** 
  95:Src/stm32f7xx_hal_msp.c ****   /* USER CODE END RTC_MspInit 1 */
  96:Src/stm32f7xx_hal_msp.c ****   }
  97:Src/stm32f7xx_hal_msp.c **** 
  98:Src/stm32f7xx_hal_msp.c **** }
 121              		.loc 1 98 0
 122 001e 0C37     		adds	r7, r7, #12
 123              	.LCFI5:
 124              		.cfi_def_cfa_offset 4
 125 0020 BD46     		mov	sp, r7
 126              	.LCFI6:
 127              		.cfi_def_cfa_register 13
 128              		@ sp needed
 129 0022 5DF8047B 		ldr	r7, [sp], #4
 130              	.LCFI7:
 131              		.cfi_restore 7
 132              		.cfi_def_cfa_offset 0
 133 0026 7047     		bx	lr
ARM GAS  /tmp/ccMyckvM.s 			page 5


 134              	.L5:
 135              		.align	2
 136              	.L4:
 137 0028 00280040 		.word	1073752064
 138 002c 00380240 		.word	1073887232
 139              		.cfi_endproc
 140              	.LFE136:
 142              		.section	.text.HAL_RTC_MspDeInit,"ax",%progbits
 143              		.align	2
 144              		.global	HAL_RTC_MspDeInit
 145              		.thumb
 146              		.thumb_func
 148              	HAL_RTC_MspDeInit:
 149              	.LFB137:
  99:Src/stm32f7xx_hal_msp.c **** 
 100:Src/stm32f7xx_hal_msp.c **** void HAL_RTC_MspDeInit(RTC_HandleTypeDef* hrtc)
 101:Src/stm32f7xx_hal_msp.c **** {
 150              		.loc 1 101 0
 151              		.cfi_startproc
 152              		@ args = 0, pretend = 0, frame = 8
 153              		@ frame_needed = 1, uses_anonymous_args = 0
 154              		@ link register save eliminated.
 155 0000 80B4     		push	{r7}
 156              	.LCFI8:
 157              		.cfi_def_cfa_offset 4
 158              		.cfi_offset 7, -4
 159 0002 83B0     		sub	sp, sp, #12
 160              	.LCFI9:
 161              		.cfi_def_cfa_offset 16
 162 0004 00AF     		add	r7, sp, #0
 163              	.LCFI10:
 164              		.cfi_def_cfa_register 7
 165 0006 7860     		str	r0, [r7, #4]
 102:Src/stm32f7xx_hal_msp.c **** 
 103:Src/stm32f7xx_hal_msp.c ****   if(hrtc->Instance==RTC)
 166              		.loc 1 103 0
 167 0008 7B68     		ldr	r3, [r7, #4]
 168 000a 1B68     		ldr	r3, [r3]
 169 000c 064A     		ldr	r2, .L8
 170 000e 9342     		cmp	r3, r2
 171 0010 05D1     		bne	.L6
 104:Src/stm32f7xx_hal_msp.c ****   {
 105:Src/stm32f7xx_hal_msp.c ****   /* USER CODE BEGIN RTC_MspDeInit 0 */
 106:Src/stm32f7xx_hal_msp.c **** 
 107:Src/stm32f7xx_hal_msp.c ****   /* USER CODE END RTC_MspDeInit 0 */
 108:Src/stm32f7xx_hal_msp.c ****     /* Peripheral clock disable */
 109:Src/stm32f7xx_hal_msp.c ****     __HAL_RCC_RTC_DISABLE();
 172              		.loc 1 109 0
 173 0012 064A     		ldr	r2, .L8+4
 174 0014 054B     		ldr	r3, .L8+4
 175 0016 1B6F     		ldr	r3, [r3, #112]
 176 0018 23F40043 		bic	r3, r3, #32768
 177 001c 1367     		str	r3, [r2, #112]
 178              	.L6:
 110:Src/stm32f7xx_hal_msp.c ****   }
 111:Src/stm32f7xx_hal_msp.c ****   /* USER CODE BEGIN RTC_MspDeInit 1 */
 112:Src/stm32f7xx_hal_msp.c **** 
ARM GAS  /tmp/ccMyckvM.s 			page 6


 113:Src/stm32f7xx_hal_msp.c ****   /* USER CODE END RTC_MspDeInit 1 */
 114:Src/stm32f7xx_hal_msp.c **** 
 115:Src/stm32f7xx_hal_msp.c **** }
 179              		.loc 1 115 0
 180 001e 0C37     		adds	r7, r7, #12
 181              	.LCFI11:
 182              		.cfi_def_cfa_offset 4
 183 0020 BD46     		mov	sp, r7
 184              	.LCFI12:
 185              		.cfi_def_cfa_register 13
 186              		@ sp needed
 187 0022 5DF8047B 		ldr	r7, [sp], #4
 188              	.LCFI13:
 189              		.cfi_restore 7
 190              		.cfi_def_cfa_offset 0
 191 0026 7047     		bx	lr
 192              	.L9:
 193              		.align	2
 194              	.L8:
 195 0028 00280040 		.word	1073752064
 196 002c 00380240 		.word	1073887232
 197              		.cfi_endproc
 198              	.LFE137:
 200              		.section	.text.HAL_RNG_MspInit,"ax",%progbits
 201              		.align	2
 202              		.global	HAL_RNG_MspInit
 203              		.thumb
 204              		.thumb_func
 206              	HAL_RNG_MspInit:
 207              	.LFB138:
 116:Src/stm32f7xx_hal_msp.c **** 
 117:Src/stm32f7xx_hal_msp.c **** /* USER CODE BEGIN 1 */
 118:Src/stm32f7xx_hal_msp.c **** 
 119:Src/stm32f7xx_hal_msp.c **** void HAL_RNG_MspInit(RNG_HandleTypeDef* hrng)
 120:Src/stm32f7xx_hal_msp.c **** {
 208              		.loc 1 120 0
 209              		.cfi_startproc
 210              		@ args = 0, pretend = 0, frame = 16
 211              		@ frame_needed = 1, uses_anonymous_args = 0
 212              		@ link register save eliminated.
 213 0000 80B4     		push	{r7}
 214              	.LCFI14:
 215              		.cfi_def_cfa_offset 4
 216              		.cfi_offset 7, -4
 217 0002 85B0     		sub	sp, sp, #20
 218              	.LCFI15:
 219              		.cfi_def_cfa_offset 24
 220 0004 00AF     		add	r7, sp, #0
 221              	.LCFI16:
 222              		.cfi_def_cfa_register 7
 223 0006 7860     		str	r0, [r7, #4]
 224              	.LBB2:
 121:Src/stm32f7xx_hal_msp.c ****     __HAL_RCC_RNG_CLK_ENABLE();
 225              		.loc 1 121 0
 226 0008 104A     		ldr	r2, .L12
 227 000a 104B     		ldr	r3, .L12
 228 000c 5B6B     		ldr	r3, [r3, #52]
ARM GAS  /tmp/ccMyckvM.s 			page 7


 229 000e 43F04003 		orr	r3, r3, #64
 230 0012 5363     		str	r3, [r2, #52]
 231 0014 0D4B     		ldr	r3, .L12
 232 0016 5B6B     		ldr	r3, [r3, #52]
 233 0018 03F04003 		and	r3, r3, #64
 234 001c FB60     		str	r3, [r7, #12]
 235 001e FB68     		ldr	r3, [r7, #12]
 236              	.LBE2:
 122:Src/stm32f7xx_hal_msp.c ****   if(hrng->Instance==RNG)
 237              		.loc 1 122 0
 238 0020 7B68     		ldr	r3, [r7, #4]
 239 0022 1B68     		ldr	r3, [r3]
 240 0024 0A4A     		ldr	r2, .L12+4
 241 0026 9342     		cmp	r3, r2
 242 0028 0BD1     		bne	.L10
 243              	.LBB3:
 123:Src/stm32f7xx_hal_msp.c ****   {
 124:Src/stm32f7xx_hal_msp.c ****   /* USER CODE BEGIN RNG_MspInit 0 */
 125:Src/stm32f7xx_hal_msp.c **** 
 126:Src/stm32f7xx_hal_msp.c ****   /* USER CODE END RNG_MspInit 0 */
 127:Src/stm32f7xx_hal_msp.c ****     /* Peripheral clock enable */
 128:Src/stm32f7xx_hal_msp.c ****     __HAL_RCC_RNG_CLK_ENABLE();
 244              		.loc 1 128 0
 245 002a 084A     		ldr	r2, .L12
 246 002c 074B     		ldr	r3, .L12
 247 002e 5B6B     		ldr	r3, [r3, #52]
 248 0030 43F04003 		orr	r3, r3, #64
 249 0034 5363     		str	r3, [r2, #52]
 250 0036 054B     		ldr	r3, .L12
 251 0038 5B6B     		ldr	r3, [r3, #52]
 252 003a 03F04003 		and	r3, r3, #64
 253 003e BB60     		str	r3, [r7, #8]
 254 0040 BB68     		ldr	r3, [r7, #8]
 255              	.L10:
 256              	.LBE3:
 129:Src/stm32f7xx_hal_msp.c ****   /* USER CODE BEGIN RNG_MspInit 1 */
 130:Src/stm32f7xx_hal_msp.c **** 
 131:Src/stm32f7xx_hal_msp.c ****   /* USER CODE END RNG_MspInit 1 */
 132:Src/stm32f7xx_hal_msp.c ****   }
 133:Src/stm32f7xx_hal_msp.c **** 
 134:Src/stm32f7xx_hal_msp.c **** }
 257              		.loc 1 134 0
 258 0042 1437     		adds	r7, r7, #20
 259              	.LCFI17:
 260              		.cfi_def_cfa_offset 4
 261 0044 BD46     		mov	sp, r7
 262              	.LCFI18:
 263              		.cfi_def_cfa_register 13
 264              		@ sp needed
 265 0046 5DF8047B 		ldr	r7, [sp], #4
 266              	.LCFI19:
 267              		.cfi_restore 7
 268              		.cfi_def_cfa_offset 0
 269 004a 7047     		bx	lr
 270              	.L13:
 271              		.align	2
 272              	.L12:
ARM GAS  /tmp/ccMyckvM.s 			page 8


 273 004c 00380240 		.word	1073887232
 274 0050 00080650 		.word	1342572544
 275              		.cfi_endproc
 276              	.LFE138:
 278              		.section	.text.HAL_RNG_MspDeInit,"ax",%progbits
 279              		.align	2
 280              		.global	HAL_RNG_MspDeInit
 281              		.thumb
 282              		.thumb_func
 284              	HAL_RNG_MspDeInit:
 285              	.LFB139:
 135:Src/stm32f7xx_hal_msp.c **** 
 136:Src/stm32f7xx_hal_msp.c **** void HAL_RNG_MspDeInit(RNG_HandleTypeDef* hrng)
 137:Src/stm32f7xx_hal_msp.c **** {
 286              		.loc 1 137 0
 287              		.cfi_startproc
 288              		@ args = 0, pretend = 0, frame = 8
 289              		@ frame_needed = 1, uses_anonymous_args = 0
 290              		@ link register save eliminated.
 291 0000 80B4     		push	{r7}
 292              	.LCFI20:
 293              		.cfi_def_cfa_offset 4
 294              		.cfi_offset 7, -4
 295 0002 83B0     		sub	sp, sp, #12
 296              	.LCFI21:
 297              		.cfi_def_cfa_offset 16
 298 0004 00AF     		add	r7, sp, #0
 299              	.LCFI22:
 300              		.cfi_def_cfa_register 7
 301 0006 7860     		str	r0, [r7, #4]
 138:Src/stm32f7xx_hal_msp.c **** 
 139:Src/stm32f7xx_hal_msp.c ****   if(hrng->Instance==RNG)
 302              		.loc 1 139 0
 303 0008 7B68     		ldr	r3, [r7, #4]
 304 000a 1B68     		ldr	r3, [r3]
 305 000c 064A     		ldr	r2, .L16
 306 000e 9342     		cmp	r3, r2
 307 0010 05D1     		bne	.L14
 140:Src/stm32f7xx_hal_msp.c ****   {
 141:Src/stm32f7xx_hal_msp.c ****   /* USER CODE BEGIN RNG_MspDeInit 0 */
 142:Src/stm32f7xx_hal_msp.c **** 
 143:Src/stm32f7xx_hal_msp.c ****   /* USER CODE END RNG_MspDeInit 0 */
 144:Src/stm32f7xx_hal_msp.c ****     /* Peripheral clock disable */
 145:Src/stm32f7xx_hal_msp.c ****     __HAL_RCC_RNG_CLK_DISABLE();
 308              		.loc 1 145 0
 309 0012 064A     		ldr	r2, .L16+4
 310 0014 054B     		ldr	r3, .L16+4
 311 0016 5B6B     		ldr	r3, [r3, #52]
 312 0018 23F04003 		bic	r3, r3, #64
 313 001c 5363     		str	r3, [r2, #52]
 314              	.L14:
 146:Src/stm32f7xx_hal_msp.c ****   }
 147:Src/stm32f7xx_hal_msp.c ****   /* USER CODE BEGIN RNG_MspDeInit 1 */
 148:Src/stm32f7xx_hal_msp.c **** 
 149:Src/stm32f7xx_hal_msp.c ****   /* USER CODE END RNG_MspDeInit 1 */
 150:Src/stm32f7xx_hal_msp.c **** 
 151:Src/stm32f7xx_hal_msp.c **** }
ARM GAS  /tmp/ccMyckvM.s 			page 9


 315              		.loc 1 151 0
 316 001e 0C37     		adds	r7, r7, #12
 317              	.LCFI23:
 318              		.cfi_def_cfa_offset 4
 319 0020 BD46     		mov	sp, r7
 320              	.LCFI24:
 321              		.cfi_def_cfa_register 13
 322              		@ sp needed
 323 0022 5DF8047B 		ldr	r7, [sp], #4
 324              	.LCFI25:
 325              		.cfi_restore 7
 326              		.cfi_def_cfa_offset 0
 327 0026 7047     		bx	lr
 328              	.L17:
 329              		.align	2
 330              	.L16:
 331 0028 00080650 		.word	1342572544
 332 002c 00380240 		.word	1073887232
 333              		.cfi_endproc
 334              	.LFE139:
 336              		.text
 337              	.Letext0:
 338              		.file 2 "/usr/arm-none-eabi/include/machine/_default_types.h"
 339              		.file 3 "/usr/arm-none-eabi/include/sys/_stdint.h"
 340              		.file 4 "../../Drivers/CMSIS/Device/ST/STM32F7xx/Include/stm32f769xx.h"
 341              		.file 5 "../../Drivers/STM32F7xx_HAL_Driver/Inc/stm32f7xx_hal_def.h"
 342              		.file 6 "../../Drivers/STM32F7xx_HAL_Driver/Inc/stm32f7xx_hal_rng.h"
 343              		.file 7 "../../Drivers/STM32F7xx_HAL_Driver/Inc/stm32f7xx_hal_rtc.h"
 344              		.file 8 "../../Drivers/CMSIS/Include/core_cm7.h"
ARM GAS  /tmp/ccMyckvM.s 			page 10


DEFINED SYMBOLS
                            *ABS*:0000000000000000 stm32f7xx_hal_msp.c
     /tmp/ccMyckvM.s:21     .text.HAL_MspInit:0000000000000000 $t
     /tmp/ccMyckvM.s:26     .text.HAL_MspInit:0000000000000000 HAL_MspInit
     /tmp/ccMyckvM.s:85     .text.HAL_RTC_MspInit:0000000000000000 $t
     /tmp/ccMyckvM.s:90     .text.HAL_RTC_MspInit:0000000000000000 HAL_RTC_MspInit
     /tmp/ccMyckvM.s:137    .text.HAL_RTC_MspInit:0000000000000028 $d
     /tmp/ccMyckvM.s:143    .text.HAL_RTC_MspDeInit:0000000000000000 $t
     /tmp/ccMyckvM.s:148    .text.HAL_RTC_MspDeInit:0000000000000000 HAL_RTC_MspDeInit
     /tmp/ccMyckvM.s:195    .text.HAL_RTC_MspDeInit:0000000000000028 $d
     /tmp/ccMyckvM.s:201    .text.HAL_RNG_MspInit:0000000000000000 $t
     /tmp/ccMyckvM.s:206    .text.HAL_RNG_MspInit:0000000000000000 HAL_RNG_MspInit
     /tmp/ccMyckvM.s:273    .text.HAL_RNG_MspInit:000000000000004c $d
     /tmp/ccMyckvM.s:279    .text.HAL_RNG_MspDeInit:0000000000000000 $t
     /tmp/ccMyckvM.s:284    .text.HAL_RNG_MspDeInit:0000000000000000 HAL_RNG_MspDeInit
     /tmp/ccMyckvM.s:331    .text.HAL_RNG_MspDeInit:0000000000000028 $d
                     .debug_frame:0000000000000010 $d

UNDEFINED SYMBOLS
HAL_NVIC_SetPriorityGrouping
HAL_NVIC_SetPriority
