ARM GAS  /tmp/cclgmC4t.s 			page 1


   1              		.syntax unified
   2              		.cpu cortex-m7
   3              		.eabi_attribute 27, 1
   4              		.eabi_attribute 28, 1
   5              		.fpu fpv5-sp-d16
   6              		.eabi_attribute 20, 1
   7              		.eabi_attribute 21, 1
   8              		.eabi_attribute 23, 3
   9              		.eabi_attribute 24, 1
  10              		.eabi_attribute 25, 1
  11              		.eabi_attribute 26, 1
  12              		.eabi_attribute 30, 6
  13              		.eabi_attribute 34, 1
  14              		.eabi_attribute 18, 4
  15              		.thumb
  16              		.file	"stm32f7xx_hal_adc.c"
  17              		.text
  18              	.Ltext0:
  19              		.cfi_sections	.debug_frame
  20              	.Letext0:
  21              		.file 1 "/usr/arm-none-eabi/include/machine/_default_types.h"
  22              		.file 2 "/usr/arm-none-eabi/include/sys/_stdint.h"
  23              		.file 3 "../../Drivers/CMSIS/Include/core_cm7.h"
ARM GAS  /tmp/cclgmC4t.s 			page 2


DEFINED SYMBOLS
                            *ABS*:0000000000000000 stm32f7xx_hal_adc.c

NO UNDEFINED SYMBOLS
