ARM GAS  /tmp/ccXJ2R3c.s 			page 1


   1              		.syntax unified
   2              		.cpu cortex-m7
   3              		.eabi_attribute 27, 1
   4              		.eabi_attribute 28, 1
   5              		.fpu fpv5-sp-d16
   6              		.eabi_attribute 20, 1
   7              		.eabi_attribute 21, 1
   8              		.eabi_attribute 23, 3
   9              		.eabi_attribute 24, 1
  10              		.eabi_attribute 25, 1
  11              		.eabi_attribute 26, 1
  12              		.eabi_attribute 30, 6
  13              		.eabi_attribute 34, 1
  14              		.eabi_attribute 18, 4
  15              		.thumb
  16              		.file	"stm32f7xx_hal_i2c_ex.c"
  17              		.text
  18              	.Ltext0:
  19              		.cfi_sections	.debug_frame
  20              		.section	.text.HAL_I2CEx_ConfigAnalogFilter,"ax",%progbits
  21              		.align	2
  22              		.global	HAL_I2CEx_ConfigAnalogFilter
  23              		.thumb
  24              		.thumb_func
  26              	HAL_I2CEx_ConfigAnalogFilter:
  27              	.LFB135:
  28              		.file 1 "../../Drivers/STM32F7xx_HAL_Driver/Src/stm32f7xx_hal_i2c_ex.c"
   1:../../Drivers/STM32F7xx_HAL_Driver/Src/stm32f7xx_hal_i2c_ex.c **** /**
   2:../../Drivers/STM32F7xx_HAL_Driver/Src/stm32f7xx_hal_i2c_ex.c ****   ******************************************************************************
   3:../../Drivers/STM32F7xx_HAL_Driver/Src/stm32f7xx_hal_i2c_ex.c ****   * @file    stm32f7xx_hal_i2c_ex.c
   4:../../Drivers/STM32F7xx_HAL_Driver/Src/stm32f7xx_hal_i2c_ex.c ****   * @author  MCD Application Team
   5:../../Drivers/STM32F7xx_HAL_Driver/Src/stm32f7xx_hal_i2c_ex.c ****   * @version V1.1.2
   6:../../Drivers/STM32F7xx_HAL_Driver/Src/stm32f7xx_hal_i2c_ex.c ****   * @date    23-September-2016 
   7:../../Drivers/STM32F7xx_HAL_Driver/Src/stm32f7xx_hal_i2c_ex.c ****   * @brief   I2C Extended HAL module driver.
   8:../../Drivers/STM32F7xx_HAL_Driver/Src/stm32f7xx_hal_i2c_ex.c ****   *          This file provides firmware functions to manage the following 
   9:../../Drivers/STM32F7xx_HAL_Driver/Src/stm32f7xx_hal_i2c_ex.c ****   *          functionalities of I2C Extended peripheral:
  10:../../Drivers/STM32F7xx_HAL_Driver/Src/stm32f7xx_hal_i2c_ex.c ****   *           + Extended features functions
  11:../../Drivers/STM32F7xx_HAL_Driver/Src/stm32f7xx_hal_i2c_ex.c ****   *
  12:../../Drivers/STM32F7xx_HAL_Driver/Src/stm32f7xx_hal_i2c_ex.c ****   @verbatim
  13:../../Drivers/STM32F7xx_HAL_Driver/Src/stm32f7xx_hal_i2c_ex.c ****   ==============================================================================
  14:../../Drivers/STM32F7xx_HAL_Driver/Src/stm32f7xx_hal_i2c_ex.c ****                ##### I2C peripheral Extended features  #####
  15:../../Drivers/STM32F7xx_HAL_Driver/Src/stm32f7xx_hal_i2c_ex.c ****   ==============================================================================
  16:../../Drivers/STM32F7xx_HAL_Driver/Src/stm32f7xx_hal_i2c_ex.c **** 
  17:../../Drivers/STM32F7xx_HAL_Driver/Src/stm32f7xx_hal_i2c_ex.c ****   [..] Comparing to other previous devices, the I2C interface for STM32F7XX
  18:../../Drivers/STM32F7xx_HAL_Driver/Src/stm32f7xx_hal_i2c_ex.c ****        devices contains the following additional features
  19:../../Drivers/STM32F7xx_HAL_Driver/Src/stm32f7xx_hal_i2c_ex.c **** 
  20:../../Drivers/STM32F7xx_HAL_Driver/Src/stm32f7xx_hal_i2c_ex.c ****        (+) Possibility to disable or enable Analog Noise Filter
  21:../../Drivers/STM32F7xx_HAL_Driver/Src/stm32f7xx_hal_i2c_ex.c ****        (+) Use of a configured Digital Noise Filter
  22:../../Drivers/STM32F7xx_HAL_Driver/Src/stm32f7xx_hal_i2c_ex.c ****        (+) Disable or enable Fast Mode Plus (available only for STM32F76xxx/STM32F77xxx 
  23:../../Drivers/STM32F7xx_HAL_Driver/Src/stm32f7xx_hal_i2c_ex.c ****            devices)
  24:../../Drivers/STM32F7xx_HAL_Driver/Src/stm32f7xx_hal_i2c_ex.c **** 
  25:../../Drivers/STM32F7xx_HAL_Driver/Src/stm32f7xx_hal_i2c_ex.c ****                      ##### How to use this driver #####
  26:../../Drivers/STM32F7xx_HAL_Driver/Src/stm32f7xx_hal_i2c_ex.c ****   ==============================================================================
  27:../../Drivers/STM32F7xx_HAL_Driver/Src/stm32f7xx_hal_i2c_ex.c ****   [..] This driver provides functions to:
  28:../../Drivers/STM32F7xx_HAL_Driver/Src/stm32f7xx_hal_i2c_ex.c ****     (#) Configure I2C Analog noise filter using the function HAL_I2CEx_ConfigAnalogFilter()
  29:../../Drivers/STM32F7xx_HAL_Driver/Src/stm32f7xx_hal_i2c_ex.c ****     (#) Configure I2C Digital noise filter using the function HAL_I2CEx_ConfigDigitalFilter()
  30:../../Drivers/STM32F7xx_HAL_Driver/Src/stm32f7xx_hal_i2c_ex.c ****     (#) Configure the enable or disable of fast mode plus driving capability using the functions :
ARM GAS  /tmp/ccXJ2R3c.s 			page 2


  31:../../Drivers/STM32F7xx_HAL_Driver/Src/stm32f7xx_hal_i2c_ex.c ****           (++) HAL_I2CEx_EnableFastModePlus()
  32:../../Drivers/STM32F7xx_HAL_Driver/Src/stm32f7xx_hal_i2c_ex.c ****           (++) HAL_I2CEx_DisbleFastModePlus()
  33:../../Drivers/STM32F7xx_HAL_Driver/Src/stm32f7xx_hal_i2c_ex.c ****   @endverbatim
  34:../../Drivers/STM32F7xx_HAL_Driver/Src/stm32f7xx_hal_i2c_ex.c ****   ******************************************************************************
  35:../../Drivers/STM32F7xx_HAL_Driver/Src/stm32f7xx_hal_i2c_ex.c ****   * @attention
  36:../../Drivers/STM32F7xx_HAL_Driver/Src/stm32f7xx_hal_i2c_ex.c ****   *
  37:../../Drivers/STM32F7xx_HAL_Driver/Src/stm32f7xx_hal_i2c_ex.c ****   * <h2><center>&copy; COPYRIGHT(c) 2016 STMicroelectronics</center></h2>
  38:../../Drivers/STM32F7xx_HAL_Driver/Src/stm32f7xx_hal_i2c_ex.c ****   *
  39:../../Drivers/STM32F7xx_HAL_Driver/Src/stm32f7xx_hal_i2c_ex.c ****   * Redistribution and use in source and binary forms, with or without modification,
  40:../../Drivers/STM32F7xx_HAL_Driver/Src/stm32f7xx_hal_i2c_ex.c ****   * are permitted provided that the following conditions are met:
  41:../../Drivers/STM32F7xx_HAL_Driver/Src/stm32f7xx_hal_i2c_ex.c ****   *   1. Redistributions of source code must retain the above copyright notice,
  42:../../Drivers/STM32F7xx_HAL_Driver/Src/stm32f7xx_hal_i2c_ex.c ****   *      this list of conditions and the following disclaimer.
  43:../../Drivers/STM32F7xx_HAL_Driver/Src/stm32f7xx_hal_i2c_ex.c ****   *   2. Redistributions in binary form must reproduce the above copyright notice,
  44:../../Drivers/STM32F7xx_HAL_Driver/Src/stm32f7xx_hal_i2c_ex.c ****   *      this list of conditions and the following disclaimer in the documentation
  45:../../Drivers/STM32F7xx_HAL_Driver/Src/stm32f7xx_hal_i2c_ex.c ****   *      and/or other materials provided with the distribution.
  46:../../Drivers/STM32F7xx_HAL_Driver/Src/stm32f7xx_hal_i2c_ex.c ****   *   3. Neither the name of STMicroelectronics nor the names of its contributors
  47:../../Drivers/STM32F7xx_HAL_Driver/Src/stm32f7xx_hal_i2c_ex.c ****   *      may be used to endorse or promote products derived from this software
  48:../../Drivers/STM32F7xx_HAL_Driver/Src/stm32f7xx_hal_i2c_ex.c ****   *      without specific prior written permission.
  49:../../Drivers/STM32F7xx_HAL_Driver/Src/stm32f7xx_hal_i2c_ex.c ****   *
  50:../../Drivers/STM32F7xx_HAL_Driver/Src/stm32f7xx_hal_i2c_ex.c ****   * THIS SOFTWARE IS PROVIDED BY THE COPYRIGHT HOLDERS AND CONTRIBUTORS "AS IS"
  51:../../Drivers/STM32F7xx_HAL_Driver/Src/stm32f7xx_hal_i2c_ex.c ****   * AND ANY EXPRESS OR IMPLIED WARRANTIES, INCLUDING, BUT NOT LIMITED TO, THE
  52:../../Drivers/STM32F7xx_HAL_Driver/Src/stm32f7xx_hal_i2c_ex.c ****   * IMPLIED WARRANTIES OF MERCHANTABILITY AND FITNESS FOR A PARTICULAR PURPOSE ARE
  53:../../Drivers/STM32F7xx_HAL_Driver/Src/stm32f7xx_hal_i2c_ex.c ****   * DISCLAIMED. IN NO EVENT SHALL THE COPYRIGHT HOLDER OR CONTRIBUTORS BE LIABLE
  54:../../Drivers/STM32F7xx_HAL_Driver/Src/stm32f7xx_hal_i2c_ex.c ****   * FOR ANY DIRECT, INDIRECT, INCIDENTAL, SPECIAL, EXEMPLARY, OR CONSEQUENTIAL
  55:../../Drivers/STM32F7xx_HAL_Driver/Src/stm32f7xx_hal_i2c_ex.c ****   * DAMAGES (INCLUDING, BUT NOT LIMITED TO, PROCUREMENT OF SUBSTITUTE GOODS OR
  56:../../Drivers/STM32F7xx_HAL_Driver/Src/stm32f7xx_hal_i2c_ex.c ****   * SERVICES; LOSS OF USE, DATA, OR PROFITS; OR BUSINESS INTERRUPTION) HOWEVER
  57:../../Drivers/STM32F7xx_HAL_Driver/Src/stm32f7xx_hal_i2c_ex.c ****   * CAUSED AND ON ANY THEORY OF LIABILITY, WHETHER IN CONTRACT, STRICT LIABILITY,
  58:../../Drivers/STM32F7xx_HAL_Driver/Src/stm32f7xx_hal_i2c_ex.c ****   * OR TORT (INCLUDING NEGLIGENCE OR OTHERWISE) ARISING IN ANY WAY OUT OF THE USE
  59:../../Drivers/STM32F7xx_HAL_Driver/Src/stm32f7xx_hal_i2c_ex.c ****   * OF THIS SOFTWARE, EVEN IF ADVISED OF THE POSSIBILITY OF SUCH DAMAGE.
  60:../../Drivers/STM32F7xx_HAL_Driver/Src/stm32f7xx_hal_i2c_ex.c ****   *
  61:../../Drivers/STM32F7xx_HAL_Driver/Src/stm32f7xx_hal_i2c_ex.c ****   ******************************************************************************
  62:../../Drivers/STM32F7xx_HAL_Driver/Src/stm32f7xx_hal_i2c_ex.c ****   */
  63:../../Drivers/STM32F7xx_HAL_Driver/Src/stm32f7xx_hal_i2c_ex.c **** 
  64:../../Drivers/STM32F7xx_HAL_Driver/Src/stm32f7xx_hal_i2c_ex.c **** /* Includes ------------------------------------------------------------------*/
  65:../../Drivers/STM32F7xx_HAL_Driver/Src/stm32f7xx_hal_i2c_ex.c **** #include "stm32f7xx_hal.h"
  66:../../Drivers/STM32F7xx_HAL_Driver/Src/stm32f7xx_hal_i2c_ex.c **** 
  67:../../Drivers/STM32F7xx_HAL_Driver/Src/stm32f7xx_hal_i2c_ex.c **** /** @addtogroup STM32F7xx_HAL_Driver
  68:../../Drivers/STM32F7xx_HAL_Driver/Src/stm32f7xx_hal_i2c_ex.c ****   * @{
  69:../../Drivers/STM32F7xx_HAL_Driver/Src/stm32f7xx_hal_i2c_ex.c ****   */
  70:../../Drivers/STM32F7xx_HAL_Driver/Src/stm32f7xx_hal_i2c_ex.c **** 
  71:../../Drivers/STM32F7xx_HAL_Driver/Src/stm32f7xx_hal_i2c_ex.c **** /** @defgroup I2CEx I2C Extended HAL module driver
  72:../../Drivers/STM32F7xx_HAL_Driver/Src/stm32f7xx_hal_i2c_ex.c ****   * @brief I2C Extended HAL module driver
  73:../../Drivers/STM32F7xx_HAL_Driver/Src/stm32f7xx_hal_i2c_ex.c ****   * @{
  74:../../Drivers/STM32F7xx_HAL_Driver/Src/stm32f7xx_hal_i2c_ex.c ****   */
  75:../../Drivers/STM32F7xx_HAL_Driver/Src/stm32f7xx_hal_i2c_ex.c **** 
  76:../../Drivers/STM32F7xx_HAL_Driver/Src/stm32f7xx_hal_i2c_ex.c **** #ifdef HAL_I2C_MODULE_ENABLED
  77:../../Drivers/STM32F7xx_HAL_Driver/Src/stm32f7xx_hal_i2c_ex.c **** 
  78:../../Drivers/STM32F7xx_HAL_Driver/Src/stm32f7xx_hal_i2c_ex.c **** /* Private typedef -----------------------------------------------------------*/
  79:../../Drivers/STM32F7xx_HAL_Driver/Src/stm32f7xx_hal_i2c_ex.c **** /* Private define ------------------------------------------------------------*/
  80:../../Drivers/STM32F7xx_HAL_Driver/Src/stm32f7xx_hal_i2c_ex.c **** /* Private macro -------------------------------------------------------------*/
  81:../../Drivers/STM32F7xx_HAL_Driver/Src/stm32f7xx_hal_i2c_ex.c **** /* Private variables ---------------------------------------------------------*/
  82:../../Drivers/STM32F7xx_HAL_Driver/Src/stm32f7xx_hal_i2c_ex.c **** /* Private function prototypes -----------------------------------------------*/
  83:../../Drivers/STM32F7xx_HAL_Driver/Src/stm32f7xx_hal_i2c_ex.c **** /* Private functions ---------------------------------------------------------*/
  84:../../Drivers/STM32F7xx_HAL_Driver/Src/stm32f7xx_hal_i2c_ex.c **** 
  85:../../Drivers/STM32F7xx_HAL_Driver/Src/stm32f7xx_hal_i2c_ex.c **** /** @defgroup I2CEx_Exported_Functions I2C Extended Exported Functions
  86:../../Drivers/STM32F7xx_HAL_Driver/Src/stm32f7xx_hal_i2c_ex.c ****   * @{
  87:../../Drivers/STM32F7xx_HAL_Driver/Src/stm32f7xx_hal_i2c_ex.c ****   */
ARM GAS  /tmp/ccXJ2R3c.s 			page 3


  88:../../Drivers/STM32F7xx_HAL_Driver/Src/stm32f7xx_hal_i2c_ex.c **** 
  89:../../Drivers/STM32F7xx_HAL_Driver/Src/stm32f7xx_hal_i2c_ex.c **** /** @defgroup I2CEx_Exported_Functions_Group1 Extended features functions
  90:../../Drivers/STM32F7xx_HAL_Driver/Src/stm32f7xx_hal_i2c_ex.c ****   * @brief    Extended features functions
  91:../../Drivers/STM32F7xx_HAL_Driver/Src/stm32f7xx_hal_i2c_ex.c ****  *
  92:../../Drivers/STM32F7xx_HAL_Driver/Src/stm32f7xx_hal_i2c_ex.c **** @verbatim
  93:../../Drivers/STM32F7xx_HAL_Driver/Src/stm32f7xx_hal_i2c_ex.c ****  ===============================================================================
  94:../../Drivers/STM32F7xx_HAL_Driver/Src/stm32f7xx_hal_i2c_ex.c ****                       ##### Extended features functions #####
  95:../../Drivers/STM32F7xx_HAL_Driver/Src/stm32f7xx_hal_i2c_ex.c ****  ===============================================================================
  96:../../Drivers/STM32F7xx_HAL_Driver/Src/stm32f7xx_hal_i2c_ex.c ****     [..] This section provides functions allowing to:
  97:../../Drivers/STM32F7xx_HAL_Driver/Src/stm32f7xx_hal_i2c_ex.c ****       (+) Configure Noise Filters
  98:../../Drivers/STM32F7xx_HAL_Driver/Src/stm32f7xx_hal_i2c_ex.c ****       (+) Configure Fast Mode Plus
  99:../../Drivers/STM32F7xx_HAL_Driver/Src/stm32f7xx_hal_i2c_ex.c **** 
 100:../../Drivers/STM32F7xx_HAL_Driver/Src/stm32f7xx_hal_i2c_ex.c **** @endverbatim
 101:../../Drivers/STM32F7xx_HAL_Driver/Src/stm32f7xx_hal_i2c_ex.c ****   * @{
 102:../../Drivers/STM32F7xx_HAL_Driver/Src/stm32f7xx_hal_i2c_ex.c ****   */
 103:../../Drivers/STM32F7xx_HAL_Driver/Src/stm32f7xx_hal_i2c_ex.c **** 
 104:../../Drivers/STM32F7xx_HAL_Driver/Src/stm32f7xx_hal_i2c_ex.c **** /**
 105:../../Drivers/STM32F7xx_HAL_Driver/Src/stm32f7xx_hal_i2c_ex.c ****   * @brief  Configure I2C Analog noise filter.
 106:../../Drivers/STM32F7xx_HAL_Driver/Src/stm32f7xx_hal_i2c_ex.c ****   * @param  hi2c: Pointer to a I2C_HandleTypeDef structure that contains
 107:../../Drivers/STM32F7xx_HAL_Driver/Src/stm32f7xx_hal_i2c_ex.c ****   *               the configuration information for the specified I2Cx peripheral.
 108:../../Drivers/STM32F7xx_HAL_Driver/Src/stm32f7xx_hal_i2c_ex.c ****   * @param  AnalogFilter: New state of the Analog filter.
 109:../../Drivers/STM32F7xx_HAL_Driver/Src/stm32f7xx_hal_i2c_ex.c ****   * @retval HAL status
 110:../../Drivers/STM32F7xx_HAL_Driver/Src/stm32f7xx_hal_i2c_ex.c ****   */
 111:../../Drivers/STM32F7xx_HAL_Driver/Src/stm32f7xx_hal_i2c_ex.c **** HAL_StatusTypeDef HAL_I2CEx_ConfigAnalogFilter(I2C_HandleTypeDef *hi2c, uint32_t AnalogFilter)
 112:../../Drivers/STM32F7xx_HAL_Driver/Src/stm32f7xx_hal_i2c_ex.c **** {
  29              		.loc 1 112 0
  30              		.cfi_startproc
  31              		@ args = 0, pretend = 0, frame = 8
  32              		@ frame_needed = 1, uses_anonymous_args = 0
  33              		@ link register save eliminated.
  34 0000 80B4     		push	{r7}
  35              	.LCFI0:
  36              		.cfi_def_cfa_offset 4
  37              		.cfi_offset 7, -4
  38 0002 83B0     		sub	sp, sp, #12
  39              	.LCFI1:
  40              		.cfi_def_cfa_offset 16
  41 0004 00AF     		add	r7, sp, #0
  42              	.LCFI2:
  43              		.cfi_def_cfa_register 7
  44 0006 7860     		str	r0, [r7, #4]
  45 0008 3960     		str	r1, [r7]
 113:../../Drivers/STM32F7xx_HAL_Driver/Src/stm32f7xx_hal_i2c_ex.c ****   /* Check the parameters */
 114:../../Drivers/STM32F7xx_HAL_Driver/Src/stm32f7xx_hal_i2c_ex.c ****   assert_param(IS_I2C_ALL_INSTANCE(hi2c->Instance));
 115:../../Drivers/STM32F7xx_HAL_Driver/Src/stm32f7xx_hal_i2c_ex.c ****   assert_param(IS_I2C_ANALOG_FILTER(AnalogFilter));
 116:../../Drivers/STM32F7xx_HAL_Driver/Src/stm32f7xx_hal_i2c_ex.c ****   
 117:../../Drivers/STM32F7xx_HAL_Driver/Src/stm32f7xx_hal_i2c_ex.c ****   if(hi2c->State == HAL_I2C_STATE_READY)
  46              		.loc 1 117 0
  47 000a 7B68     		ldr	r3, [r7, #4]
  48 000c 93F84130 		ldrb	r3, [r3, #65]
  49 0010 DBB2     		uxtb	r3, r3
  50 0012 202B     		cmp	r3, #32
  51 0014 38D1     		bne	.L2
 118:../../Drivers/STM32F7xx_HAL_Driver/Src/stm32f7xx_hal_i2c_ex.c ****   {
 119:../../Drivers/STM32F7xx_HAL_Driver/Src/stm32f7xx_hal_i2c_ex.c ****     /* Process Locked */
 120:../../Drivers/STM32F7xx_HAL_Driver/Src/stm32f7xx_hal_i2c_ex.c ****     __HAL_LOCK(hi2c);
  52              		.loc 1 120 0
ARM GAS  /tmp/ccXJ2R3c.s 			page 4


  53 0016 7B68     		ldr	r3, [r7, #4]
  54 0018 93F84030 		ldrb	r3, [r3, #64]	@ zero_extendqisi2
  55 001c 012B     		cmp	r3, #1
  56 001e 01D1     		bne	.L3
  57              		.loc 1 120 0 is_stmt 0 discriminator 1
  58 0020 0223     		movs	r3, #2
  59 0022 32E0     		b	.L4
  60              	.L3:
  61              		.loc 1 120 0 discriminator 2
  62 0024 7B68     		ldr	r3, [r7, #4]
  63 0026 0122     		movs	r2, #1
  64 0028 83F84020 		strb	r2, [r3, #64]
 121:../../Drivers/STM32F7xx_HAL_Driver/Src/stm32f7xx_hal_i2c_ex.c ****     
 122:../../Drivers/STM32F7xx_HAL_Driver/Src/stm32f7xx_hal_i2c_ex.c ****     hi2c->State = HAL_I2C_STATE_BUSY;
  65              		.loc 1 122 0 is_stmt 1 discriminator 2
  66 002c 7B68     		ldr	r3, [r7, #4]
  67 002e 2422     		movs	r2, #36
  68 0030 83F84120 		strb	r2, [r3, #65]
 123:../../Drivers/STM32F7xx_HAL_Driver/Src/stm32f7xx_hal_i2c_ex.c ****     
 124:../../Drivers/STM32F7xx_HAL_Driver/Src/stm32f7xx_hal_i2c_ex.c ****     /* Disable the selected I2C peripheral */
 125:../../Drivers/STM32F7xx_HAL_Driver/Src/stm32f7xx_hal_i2c_ex.c ****     __HAL_I2C_DISABLE(hi2c);
  69              		.loc 1 125 0 discriminator 2
  70 0034 7B68     		ldr	r3, [r7, #4]
  71 0036 1B68     		ldr	r3, [r3]
  72 0038 7A68     		ldr	r2, [r7, #4]
  73 003a 1268     		ldr	r2, [r2]
  74 003c 1268     		ldr	r2, [r2]
  75 003e 22F00102 		bic	r2, r2, #1
  76 0042 1A60     		str	r2, [r3]
 126:../../Drivers/STM32F7xx_HAL_Driver/Src/stm32f7xx_hal_i2c_ex.c ****     
 127:../../Drivers/STM32F7xx_HAL_Driver/Src/stm32f7xx_hal_i2c_ex.c ****     /* Reset I2Cx ANOFF bit */
 128:../../Drivers/STM32F7xx_HAL_Driver/Src/stm32f7xx_hal_i2c_ex.c ****     hi2c->Instance->CR1 &= ~(I2C_CR1_ANFOFF);
  77              		.loc 1 128 0 discriminator 2
  78 0044 7B68     		ldr	r3, [r7, #4]
  79 0046 1B68     		ldr	r3, [r3]
  80 0048 7A68     		ldr	r2, [r7, #4]
  81 004a 1268     		ldr	r2, [r2]
  82 004c 1268     		ldr	r2, [r2]
  83 004e 22F48052 		bic	r2, r2, #4096
  84 0052 1A60     		str	r2, [r3]
 129:../../Drivers/STM32F7xx_HAL_Driver/Src/stm32f7xx_hal_i2c_ex.c ****     
 130:../../Drivers/STM32F7xx_HAL_Driver/Src/stm32f7xx_hal_i2c_ex.c ****     /* Set analog filter bit*/
 131:../../Drivers/STM32F7xx_HAL_Driver/Src/stm32f7xx_hal_i2c_ex.c ****     hi2c->Instance->CR1 |= AnalogFilter;
  85              		.loc 1 131 0 discriminator 2
  86 0054 7B68     		ldr	r3, [r7, #4]
  87 0056 1B68     		ldr	r3, [r3]
  88 0058 7A68     		ldr	r2, [r7, #4]
  89 005a 1268     		ldr	r2, [r2]
  90 005c 1168     		ldr	r1, [r2]
  91 005e 3A68     		ldr	r2, [r7]
  92 0060 0A43     		orrs	r2, r2, r1
  93 0062 1A60     		str	r2, [r3]
 132:../../Drivers/STM32F7xx_HAL_Driver/Src/stm32f7xx_hal_i2c_ex.c ****     
 133:../../Drivers/STM32F7xx_HAL_Driver/Src/stm32f7xx_hal_i2c_ex.c ****     __HAL_I2C_ENABLE(hi2c);
  94              		.loc 1 133 0 discriminator 2
  95 0064 7B68     		ldr	r3, [r7, #4]
  96 0066 1B68     		ldr	r3, [r3]
ARM GAS  /tmp/ccXJ2R3c.s 			page 5


  97 0068 7A68     		ldr	r2, [r7, #4]
  98 006a 1268     		ldr	r2, [r2]
  99 006c 1268     		ldr	r2, [r2]
 100 006e 42F00102 		orr	r2, r2, #1
 101 0072 1A60     		str	r2, [r3]
 134:../../Drivers/STM32F7xx_HAL_Driver/Src/stm32f7xx_hal_i2c_ex.c ****     
 135:../../Drivers/STM32F7xx_HAL_Driver/Src/stm32f7xx_hal_i2c_ex.c ****     hi2c->State = HAL_I2C_STATE_READY;
 102              		.loc 1 135 0 discriminator 2
 103 0074 7B68     		ldr	r3, [r7, #4]
 104 0076 2022     		movs	r2, #32
 105 0078 83F84120 		strb	r2, [r3, #65]
 136:../../Drivers/STM32F7xx_HAL_Driver/Src/stm32f7xx_hal_i2c_ex.c ****     
 137:../../Drivers/STM32F7xx_HAL_Driver/Src/stm32f7xx_hal_i2c_ex.c ****     /* Process Unlocked */
 138:../../Drivers/STM32F7xx_HAL_Driver/Src/stm32f7xx_hal_i2c_ex.c ****     __HAL_UNLOCK(hi2c);
 106              		.loc 1 138 0 discriminator 2
 107 007c 7B68     		ldr	r3, [r7, #4]
 108 007e 0022     		movs	r2, #0
 109 0080 83F84020 		strb	r2, [r3, #64]
 139:../../Drivers/STM32F7xx_HAL_Driver/Src/stm32f7xx_hal_i2c_ex.c ****     
 140:../../Drivers/STM32F7xx_HAL_Driver/Src/stm32f7xx_hal_i2c_ex.c ****     return HAL_OK;
 110              		.loc 1 140 0 discriminator 2
 111 0084 0023     		movs	r3, #0
 112 0086 00E0     		b	.L4
 113              	.L2:
 141:../../Drivers/STM32F7xx_HAL_Driver/Src/stm32f7xx_hal_i2c_ex.c ****   }
 142:../../Drivers/STM32F7xx_HAL_Driver/Src/stm32f7xx_hal_i2c_ex.c ****   else
 143:../../Drivers/STM32F7xx_HAL_Driver/Src/stm32f7xx_hal_i2c_ex.c ****   {
 144:../../Drivers/STM32F7xx_HAL_Driver/Src/stm32f7xx_hal_i2c_ex.c ****     return HAL_BUSY;
 114              		.loc 1 144 0
 115 0088 0223     		movs	r3, #2
 116              	.L4:
 145:../../Drivers/STM32F7xx_HAL_Driver/Src/stm32f7xx_hal_i2c_ex.c ****   }
 146:../../Drivers/STM32F7xx_HAL_Driver/Src/stm32f7xx_hal_i2c_ex.c **** }
 117              		.loc 1 146 0
 118 008a 1846     		mov	r0, r3
 119 008c 0C37     		adds	r7, r7, #12
 120              	.LCFI3:
 121              		.cfi_def_cfa_offset 4
 122 008e BD46     		mov	sp, r7
 123              	.LCFI4:
 124              		.cfi_def_cfa_register 13
 125              		@ sp needed
 126 0090 5DF8047B 		ldr	r7, [sp], #4
 127              	.LCFI5:
 128              		.cfi_restore 7
 129              		.cfi_def_cfa_offset 0
 130 0094 7047     		bx	lr
 131              		.cfi_endproc
 132              	.LFE135:
 134 0096 00BF     		.section	.text.HAL_I2CEx_ConfigDigitalFilter,"ax",%progbits
 135              		.align	2
 136              		.global	HAL_I2CEx_ConfigDigitalFilter
 137              		.thumb
 138              		.thumb_func
 140              	HAL_I2CEx_ConfigDigitalFilter:
 141              	.LFB136:
 147:../../Drivers/STM32F7xx_HAL_Driver/Src/stm32f7xx_hal_i2c_ex.c **** 
ARM GAS  /tmp/ccXJ2R3c.s 			page 6


 148:../../Drivers/STM32F7xx_HAL_Driver/Src/stm32f7xx_hal_i2c_ex.c **** /**
 149:../../Drivers/STM32F7xx_HAL_Driver/Src/stm32f7xx_hal_i2c_ex.c ****   * @brief  Configure I2C Digital noise filter.
 150:../../Drivers/STM32F7xx_HAL_Driver/Src/stm32f7xx_hal_i2c_ex.c ****   * @param  hi2c: Pointer to a I2C_HandleTypeDef structure that contains
 151:../../Drivers/STM32F7xx_HAL_Driver/Src/stm32f7xx_hal_i2c_ex.c ****   *               the configuration information for the specified I2Cx peripheral.
 152:../../Drivers/STM32F7xx_HAL_Driver/Src/stm32f7xx_hal_i2c_ex.c ****   * @param  DigitalFilter: Coefficient of digital noise filter between 0x00 and 0x0F.
 153:../../Drivers/STM32F7xx_HAL_Driver/Src/stm32f7xx_hal_i2c_ex.c ****   * @retval HAL status
 154:../../Drivers/STM32F7xx_HAL_Driver/Src/stm32f7xx_hal_i2c_ex.c ****   */
 155:../../Drivers/STM32F7xx_HAL_Driver/Src/stm32f7xx_hal_i2c_ex.c **** HAL_StatusTypeDef HAL_I2CEx_ConfigDigitalFilter(I2C_HandleTypeDef *hi2c, uint32_t DigitalFilter)
 156:../../Drivers/STM32F7xx_HAL_Driver/Src/stm32f7xx_hal_i2c_ex.c **** {
 142              		.loc 1 156 0
 143              		.cfi_startproc
 144              		@ args = 0, pretend = 0, frame = 16
 145              		@ frame_needed = 1, uses_anonymous_args = 0
 146              		@ link register save eliminated.
 147 0000 80B4     		push	{r7}
 148              	.LCFI6:
 149              		.cfi_def_cfa_offset 4
 150              		.cfi_offset 7, -4
 151 0002 85B0     		sub	sp, sp, #20
 152              	.LCFI7:
 153              		.cfi_def_cfa_offset 24
 154 0004 00AF     		add	r7, sp, #0
 155              	.LCFI8:
 156              		.cfi_def_cfa_register 7
 157 0006 7860     		str	r0, [r7, #4]
 158 0008 3960     		str	r1, [r7]
 157:../../Drivers/STM32F7xx_HAL_Driver/Src/stm32f7xx_hal_i2c_ex.c ****   uint32_t tmpreg = 0;
 159              		.loc 1 157 0
 160 000a 0023     		movs	r3, #0
 161 000c FB60     		str	r3, [r7, #12]
 158:../../Drivers/STM32F7xx_HAL_Driver/Src/stm32f7xx_hal_i2c_ex.c ****   
 159:../../Drivers/STM32F7xx_HAL_Driver/Src/stm32f7xx_hal_i2c_ex.c ****   /* Check the parameters */
 160:../../Drivers/STM32F7xx_HAL_Driver/Src/stm32f7xx_hal_i2c_ex.c ****   assert_param(IS_I2C_ALL_INSTANCE(hi2c->Instance));
 161:../../Drivers/STM32F7xx_HAL_Driver/Src/stm32f7xx_hal_i2c_ex.c ****   assert_param(IS_I2C_DIGITAL_FILTER(DigitalFilter));
 162:../../Drivers/STM32F7xx_HAL_Driver/Src/stm32f7xx_hal_i2c_ex.c ****   
 163:../../Drivers/STM32F7xx_HAL_Driver/Src/stm32f7xx_hal_i2c_ex.c ****   if(hi2c->State == HAL_I2C_STATE_READY)
 162              		.loc 1 163 0
 163 000e 7B68     		ldr	r3, [r7, #4]
 164 0010 93F84130 		ldrb	r3, [r3, #65]
 165 0014 DBB2     		uxtb	r3, r3
 166 0016 202B     		cmp	r3, #32
 167 0018 39D1     		bne	.L6
 164:../../Drivers/STM32F7xx_HAL_Driver/Src/stm32f7xx_hal_i2c_ex.c ****   {
 165:../../Drivers/STM32F7xx_HAL_Driver/Src/stm32f7xx_hal_i2c_ex.c ****     /* Process Locked */
 166:../../Drivers/STM32F7xx_HAL_Driver/Src/stm32f7xx_hal_i2c_ex.c ****     __HAL_LOCK(hi2c);
 168              		.loc 1 166 0
 169 001a 7B68     		ldr	r3, [r7, #4]
 170 001c 93F84030 		ldrb	r3, [r3, #64]	@ zero_extendqisi2
 171 0020 012B     		cmp	r3, #1
 172 0022 01D1     		bne	.L7
 173              		.loc 1 166 0 is_stmt 0 discriminator 1
 174 0024 0223     		movs	r3, #2
 175 0026 33E0     		b	.L8
 176              	.L7:
 177              		.loc 1 166 0 discriminator 2
 178 0028 7B68     		ldr	r3, [r7, #4]
 179 002a 0122     		movs	r2, #1
ARM GAS  /tmp/ccXJ2R3c.s 			page 7


 180 002c 83F84020 		strb	r2, [r3, #64]
 167:../../Drivers/STM32F7xx_HAL_Driver/Src/stm32f7xx_hal_i2c_ex.c ****     
 168:../../Drivers/STM32F7xx_HAL_Driver/Src/stm32f7xx_hal_i2c_ex.c ****     hi2c->State = HAL_I2C_STATE_BUSY;
 181              		.loc 1 168 0 is_stmt 1 discriminator 2
 182 0030 7B68     		ldr	r3, [r7, #4]
 183 0032 2422     		movs	r2, #36
 184 0034 83F84120 		strb	r2, [r3, #65]
 169:../../Drivers/STM32F7xx_HAL_Driver/Src/stm32f7xx_hal_i2c_ex.c ****     
 170:../../Drivers/STM32F7xx_HAL_Driver/Src/stm32f7xx_hal_i2c_ex.c ****     /* Disable the selected I2C peripheral */
 171:../../Drivers/STM32F7xx_HAL_Driver/Src/stm32f7xx_hal_i2c_ex.c ****     __HAL_I2C_DISABLE(hi2c);
 185              		.loc 1 171 0 discriminator 2
 186 0038 7B68     		ldr	r3, [r7, #4]
 187 003a 1B68     		ldr	r3, [r3]
 188 003c 7A68     		ldr	r2, [r7, #4]
 189 003e 1268     		ldr	r2, [r2]
 190 0040 1268     		ldr	r2, [r2]
 191 0042 22F00102 		bic	r2, r2, #1
 192 0046 1A60     		str	r2, [r3]
 172:../../Drivers/STM32F7xx_HAL_Driver/Src/stm32f7xx_hal_i2c_ex.c ****     
 173:../../Drivers/STM32F7xx_HAL_Driver/Src/stm32f7xx_hal_i2c_ex.c ****     /* Get the old register value */
 174:../../Drivers/STM32F7xx_HAL_Driver/Src/stm32f7xx_hal_i2c_ex.c ****     tmpreg = hi2c->Instance->CR1;
 193              		.loc 1 174 0 discriminator 2
 194 0048 7B68     		ldr	r3, [r7, #4]
 195 004a 1B68     		ldr	r3, [r3]
 196 004c 1B68     		ldr	r3, [r3]
 197 004e FB60     		str	r3, [r7, #12]
 175:../../Drivers/STM32F7xx_HAL_Driver/Src/stm32f7xx_hal_i2c_ex.c ****     
 176:../../Drivers/STM32F7xx_HAL_Driver/Src/stm32f7xx_hal_i2c_ex.c ****     /* Reset I2Cx DNF bits [11:8] */
 177:../../Drivers/STM32F7xx_HAL_Driver/Src/stm32f7xx_hal_i2c_ex.c ****     tmpreg &= ~(I2C_CR1_DNF);
 198              		.loc 1 177 0 discriminator 2
 199 0050 FB68     		ldr	r3, [r7, #12]
 200 0052 23F47063 		bic	r3, r3, #3840
 201 0056 FB60     		str	r3, [r7, #12]
 178:../../Drivers/STM32F7xx_HAL_Driver/Src/stm32f7xx_hal_i2c_ex.c ****     
 179:../../Drivers/STM32F7xx_HAL_Driver/Src/stm32f7xx_hal_i2c_ex.c ****     /* Set I2Cx DNF coefficient */
 180:../../Drivers/STM32F7xx_HAL_Driver/Src/stm32f7xx_hal_i2c_ex.c ****     tmpreg |= DigitalFilter << 8;
 202              		.loc 1 180 0 discriminator 2
 203 0058 3B68     		ldr	r3, [r7]
 204 005a 1B02     		lsls	r3, r3, #8
 205 005c FA68     		ldr	r2, [r7, #12]
 206 005e 1343     		orrs	r3, r3, r2
 207 0060 FB60     		str	r3, [r7, #12]
 181:../../Drivers/STM32F7xx_HAL_Driver/Src/stm32f7xx_hal_i2c_ex.c ****     
 182:../../Drivers/STM32F7xx_HAL_Driver/Src/stm32f7xx_hal_i2c_ex.c ****     /* Store the new register value */
 183:../../Drivers/STM32F7xx_HAL_Driver/Src/stm32f7xx_hal_i2c_ex.c ****     hi2c->Instance->CR1 = tmpreg;
 208              		.loc 1 183 0 discriminator 2
 209 0062 7B68     		ldr	r3, [r7, #4]
 210 0064 1B68     		ldr	r3, [r3]
 211 0066 FA68     		ldr	r2, [r7, #12]
 212 0068 1A60     		str	r2, [r3]
 184:../../Drivers/STM32F7xx_HAL_Driver/Src/stm32f7xx_hal_i2c_ex.c ****     
 185:../../Drivers/STM32F7xx_HAL_Driver/Src/stm32f7xx_hal_i2c_ex.c ****     __HAL_I2C_ENABLE(hi2c);
 213              		.loc 1 185 0 discriminator 2
 214 006a 7B68     		ldr	r3, [r7, #4]
 215 006c 1B68     		ldr	r3, [r3]
 216 006e 7A68     		ldr	r2, [r7, #4]
 217 0070 1268     		ldr	r2, [r2]
ARM GAS  /tmp/ccXJ2R3c.s 			page 8


 218 0072 1268     		ldr	r2, [r2]
 219 0074 42F00102 		orr	r2, r2, #1
 220 0078 1A60     		str	r2, [r3]
 186:../../Drivers/STM32F7xx_HAL_Driver/Src/stm32f7xx_hal_i2c_ex.c ****     
 187:../../Drivers/STM32F7xx_HAL_Driver/Src/stm32f7xx_hal_i2c_ex.c ****     hi2c->State = HAL_I2C_STATE_READY;
 221              		.loc 1 187 0 discriminator 2
 222 007a 7B68     		ldr	r3, [r7, #4]
 223 007c 2022     		movs	r2, #32
 224 007e 83F84120 		strb	r2, [r3, #65]
 188:../../Drivers/STM32F7xx_HAL_Driver/Src/stm32f7xx_hal_i2c_ex.c ****     
 189:../../Drivers/STM32F7xx_HAL_Driver/Src/stm32f7xx_hal_i2c_ex.c ****     /* Process Unlocked */
 190:../../Drivers/STM32F7xx_HAL_Driver/Src/stm32f7xx_hal_i2c_ex.c ****     __HAL_UNLOCK(hi2c);
 225              		.loc 1 190 0 discriminator 2
 226 0082 7B68     		ldr	r3, [r7, #4]
 227 0084 0022     		movs	r2, #0
 228 0086 83F84020 		strb	r2, [r3, #64]
 191:../../Drivers/STM32F7xx_HAL_Driver/Src/stm32f7xx_hal_i2c_ex.c ****     
 192:../../Drivers/STM32F7xx_HAL_Driver/Src/stm32f7xx_hal_i2c_ex.c ****     return HAL_OK;
 229              		.loc 1 192 0 discriminator 2
 230 008a 0023     		movs	r3, #0
 231 008c 00E0     		b	.L8
 232              	.L6:
 193:../../Drivers/STM32F7xx_HAL_Driver/Src/stm32f7xx_hal_i2c_ex.c ****   }
 194:../../Drivers/STM32F7xx_HAL_Driver/Src/stm32f7xx_hal_i2c_ex.c ****   else
 195:../../Drivers/STM32F7xx_HAL_Driver/Src/stm32f7xx_hal_i2c_ex.c ****   {
 196:../../Drivers/STM32F7xx_HAL_Driver/Src/stm32f7xx_hal_i2c_ex.c ****     return HAL_BUSY;
 233              		.loc 1 196 0
 234 008e 0223     		movs	r3, #2
 235              	.L8:
 197:../../Drivers/STM32F7xx_HAL_Driver/Src/stm32f7xx_hal_i2c_ex.c ****   }
 198:../../Drivers/STM32F7xx_HAL_Driver/Src/stm32f7xx_hal_i2c_ex.c **** }
 236              		.loc 1 198 0
 237 0090 1846     		mov	r0, r3
 238 0092 1437     		adds	r7, r7, #20
 239              	.LCFI9:
 240              		.cfi_def_cfa_offset 4
 241 0094 BD46     		mov	sp, r7
 242              	.LCFI10:
 243              		.cfi_def_cfa_register 13
 244              		@ sp needed
 245 0096 5DF8047B 		ldr	r7, [sp], #4
 246              	.LCFI11:
 247              		.cfi_restore 7
 248              		.cfi_def_cfa_offset 0
 249 009a 7047     		bx	lr
 250              		.cfi_endproc
 251              	.LFE136:
 253              		.section	.text.HAL_I2CEx_EnableFastModePlus,"ax",%progbits
 254              		.align	2
 255              		.global	HAL_I2CEx_EnableFastModePlus
 256              		.thumb
 257              		.thumb_func
 259              	HAL_I2CEx_EnableFastModePlus:
 260              	.LFB137:
 199:../../Drivers/STM32F7xx_HAL_Driver/Src/stm32f7xx_hal_i2c_ex.c **** 
 200:../../Drivers/STM32F7xx_HAL_Driver/Src/stm32f7xx_hal_i2c_ex.c **** #if defined (STM32F765xx) || defined (STM32F767xx) || defined (STM32F769xx) || defined (STM32F777xx
 201:../../Drivers/STM32F7xx_HAL_Driver/Src/stm32f7xx_hal_i2c_ex.c **** /**
ARM GAS  /tmp/ccXJ2R3c.s 			page 9


 202:../../Drivers/STM32F7xx_HAL_Driver/Src/stm32f7xx_hal_i2c_ex.c ****   * @brief Enable the I2C fast mode plus driving capability.
 203:../../Drivers/STM32F7xx_HAL_Driver/Src/stm32f7xx_hal_i2c_ex.c ****   * @param ConfigFastModePlus: Selects the pin.
 204:../../Drivers/STM32F7xx_HAL_Driver/Src/stm32f7xx_hal_i2c_ex.c ****   *   This parameter can be one of the @ref I2CEx_FastModePlus values
 205:../../Drivers/STM32F7xx_HAL_Driver/Src/stm32f7xx_hal_i2c_ex.c ****   * @retval None
 206:../../Drivers/STM32F7xx_HAL_Driver/Src/stm32f7xx_hal_i2c_ex.c ****   */
 207:../../Drivers/STM32F7xx_HAL_Driver/Src/stm32f7xx_hal_i2c_ex.c **** void HAL_I2CEx_EnableFastModePlus(uint32_t ConfigFastModePlus)
 208:../../Drivers/STM32F7xx_HAL_Driver/Src/stm32f7xx_hal_i2c_ex.c **** {
 261              		.loc 1 208 0
 262              		.cfi_startproc
 263              		@ args = 0, pretend = 0, frame = 16
 264              		@ frame_needed = 1, uses_anonymous_args = 0
 265              		@ link register save eliminated.
 266 0000 80B4     		push	{r7}
 267              	.LCFI12:
 268              		.cfi_def_cfa_offset 4
 269              		.cfi_offset 7, -4
 270 0002 85B0     		sub	sp, sp, #20
 271              	.LCFI13:
 272              		.cfi_def_cfa_offset 24
 273 0004 00AF     		add	r7, sp, #0
 274              	.LCFI14:
 275              		.cfi_def_cfa_register 7
 276 0006 7860     		str	r0, [r7, #4]
 277              	.LBB2:
 209:../../Drivers/STM32F7xx_HAL_Driver/Src/stm32f7xx_hal_i2c_ex.c ****   /* Check the parameter */
 210:../../Drivers/STM32F7xx_HAL_Driver/Src/stm32f7xx_hal_i2c_ex.c ****   assert_param(IS_I2C_FASTMODEPLUS(ConfigFastModePlus));
 211:../../Drivers/STM32F7xx_HAL_Driver/Src/stm32f7xx_hal_i2c_ex.c ****   
 212:../../Drivers/STM32F7xx_HAL_Driver/Src/stm32f7xx_hal_i2c_ex.c ****   /* Enable SYSCFG clock */
 213:../../Drivers/STM32F7xx_HAL_Driver/Src/stm32f7xx_hal_i2c_ex.c ****   __HAL_RCC_SYSCFG_CLK_ENABLE();
 278              		.loc 1 213 0
 279 0008 0B4A     		ldr	r2, .L10
 280 000a 0B4B     		ldr	r3, .L10
 281 000c 5B6C     		ldr	r3, [r3, #68]
 282 000e 43F48043 		orr	r3, r3, #16384
 283 0012 5364     		str	r3, [r2, #68]
 284 0014 084B     		ldr	r3, .L10
 285 0016 5B6C     		ldr	r3, [r3, #68]
 286 0018 03F48043 		and	r3, r3, #16384
 287 001c FB60     		str	r3, [r7, #12]
 288 001e FB68     		ldr	r3, [r7, #12]
 289              	.LBE2:
 214:../../Drivers/STM32F7xx_HAL_Driver/Src/stm32f7xx_hal_i2c_ex.c ****   
 215:../../Drivers/STM32F7xx_HAL_Driver/Src/stm32f7xx_hal_i2c_ex.c ****   /* Enable fast mode plus driving capability for selected pin */
 216:../../Drivers/STM32F7xx_HAL_Driver/Src/stm32f7xx_hal_i2c_ex.c ****   SET_BIT(SYSCFG->PMC, (uint32_t)ConfigFastModePlus);
 290              		.loc 1 216 0
 291 0020 0649     		ldr	r1, .L10+4
 292 0022 064B     		ldr	r3, .L10+4
 293 0024 5A68     		ldr	r2, [r3, #4]
 294 0026 7B68     		ldr	r3, [r7, #4]
 295 0028 1343     		orrs	r3, r3, r2
 296 002a 4B60     		str	r3, [r1, #4]
 217:../../Drivers/STM32F7xx_HAL_Driver/Src/stm32f7xx_hal_i2c_ex.c **** }
 297              		.loc 1 217 0
 298 002c 1437     		adds	r7, r7, #20
 299              	.LCFI15:
 300              		.cfi_def_cfa_offset 4
 301 002e BD46     		mov	sp, r7
ARM GAS  /tmp/ccXJ2R3c.s 			page 10


 302              	.LCFI16:
 303              		.cfi_def_cfa_register 13
 304              		@ sp needed
 305 0030 5DF8047B 		ldr	r7, [sp], #4
 306              	.LCFI17:
 307              		.cfi_restore 7
 308              		.cfi_def_cfa_offset 0
 309 0034 7047     		bx	lr
 310              	.L11:
 311 0036 00BF     		.align	2
 312              	.L10:
 313 0038 00380240 		.word	1073887232
 314 003c 00380140 		.word	1073821696
 315              		.cfi_endproc
 316              	.LFE137:
 318              		.section	.text.HAL_I2CEx_DisableFastModePlus,"ax",%progbits
 319              		.align	2
 320              		.global	HAL_I2CEx_DisableFastModePlus
 321              		.thumb
 322              		.thumb_func
 324              	HAL_I2CEx_DisableFastModePlus:
 325              	.LFB138:
 218:../../Drivers/STM32F7xx_HAL_Driver/Src/stm32f7xx_hal_i2c_ex.c **** 
 219:../../Drivers/STM32F7xx_HAL_Driver/Src/stm32f7xx_hal_i2c_ex.c **** /**
 220:../../Drivers/STM32F7xx_HAL_Driver/Src/stm32f7xx_hal_i2c_ex.c ****   * @brief Disable the I2C fast mode plus driving capability.
 221:../../Drivers/STM32F7xx_HAL_Driver/Src/stm32f7xx_hal_i2c_ex.c ****   * @param ConfigFastModePlus: Selects the pin.
 222:../../Drivers/STM32F7xx_HAL_Driver/Src/stm32f7xx_hal_i2c_ex.c ****   *   This parameter can be one of the @ref I2CEx_FastModePlus values
 223:../../Drivers/STM32F7xx_HAL_Driver/Src/stm32f7xx_hal_i2c_ex.c ****   * @retval None
 224:../../Drivers/STM32F7xx_HAL_Driver/Src/stm32f7xx_hal_i2c_ex.c ****   */
 225:../../Drivers/STM32F7xx_HAL_Driver/Src/stm32f7xx_hal_i2c_ex.c **** void HAL_I2CEx_DisableFastModePlus(uint32_t ConfigFastModePlus)
 226:../../Drivers/STM32F7xx_HAL_Driver/Src/stm32f7xx_hal_i2c_ex.c **** {
 326              		.loc 1 226 0
 327              		.cfi_startproc
 328              		@ args = 0, pretend = 0, frame = 16
 329              		@ frame_needed = 1, uses_anonymous_args = 0
 330              		@ link register save eliminated.
 331 0000 80B4     		push	{r7}
 332              	.LCFI18:
 333              		.cfi_def_cfa_offset 4
 334              		.cfi_offset 7, -4
 335 0002 85B0     		sub	sp, sp, #20
 336              	.LCFI19:
 337              		.cfi_def_cfa_offset 24
 338 0004 00AF     		add	r7, sp, #0
 339              	.LCFI20:
 340              		.cfi_def_cfa_register 7
 341 0006 7860     		str	r0, [r7, #4]
 342              	.LBB3:
 227:../../Drivers/STM32F7xx_HAL_Driver/Src/stm32f7xx_hal_i2c_ex.c ****   /* Check the parameter */
 228:../../Drivers/STM32F7xx_HAL_Driver/Src/stm32f7xx_hal_i2c_ex.c ****   assert_param(IS_I2C_FASTMODEPLUS(ConfigFastModePlus));
 229:../../Drivers/STM32F7xx_HAL_Driver/Src/stm32f7xx_hal_i2c_ex.c ****   
 230:../../Drivers/STM32F7xx_HAL_Driver/Src/stm32f7xx_hal_i2c_ex.c ****   /* Enable SYSCFG clock */
 231:../../Drivers/STM32F7xx_HAL_Driver/Src/stm32f7xx_hal_i2c_ex.c ****   __HAL_RCC_SYSCFG_CLK_ENABLE();
 343              		.loc 1 231 0
 344 0008 0B4A     		ldr	r2, .L13
 345 000a 0B4B     		ldr	r3, .L13
 346 000c 5B6C     		ldr	r3, [r3, #68]
ARM GAS  /tmp/ccXJ2R3c.s 			page 11


 347 000e 43F48043 		orr	r3, r3, #16384
 348 0012 5364     		str	r3, [r2, #68]
 349 0014 084B     		ldr	r3, .L13
 350 0016 5B6C     		ldr	r3, [r3, #68]
 351 0018 03F48043 		and	r3, r3, #16384
 352 001c FB60     		str	r3, [r7, #12]
 353 001e FB68     		ldr	r3, [r7, #12]
 354              	.LBE3:
 232:../../Drivers/STM32F7xx_HAL_Driver/Src/stm32f7xx_hal_i2c_ex.c ****   
 233:../../Drivers/STM32F7xx_HAL_Driver/Src/stm32f7xx_hal_i2c_ex.c ****   /* Disable fast mode plus driving capability for selected pin */
 234:../../Drivers/STM32F7xx_HAL_Driver/Src/stm32f7xx_hal_i2c_ex.c ****   CLEAR_BIT(SYSCFG->PMC, (uint32_t)ConfigFastModePlus);
 355              		.loc 1 234 0
 356 0020 0649     		ldr	r1, .L13+4
 357 0022 064B     		ldr	r3, .L13+4
 358 0024 5A68     		ldr	r2, [r3, #4]
 359 0026 7B68     		ldr	r3, [r7, #4]
 360 0028 DB43     		mvns	r3, r3
 361 002a 1340     		ands	r3, r3, r2
 362 002c 4B60     		str	r3, [r1, #4]
 235:../../Drivers/STM32F7xx_HAL_Driver/Src/stm32f7xx_hal_i2c_ex.c **** }
 363              		.loc 1 235 0
 364 002e 1437     		adds	r7, r7, #20
 365              	.LCFI21:
 366              		.cfi_def_cfa_offset 4
 367 0030 BD46     		mov	sp, r7
 368              	.LCFI22:
 369              		.cfi_def_cfa_register 13
 370              		@ sp needed
 371 0032 5DF8047B 		ldr	r7, [sp], #4
 372              	.LCFI23:
 373              		.cfi_restore 7
 374              		.cfi_def_cfa_offset 0
 375 0036 7047     		bx	lr
 376              	.L14:
 377              		.align	2
 378              	.L13:
 379 0038 00380240 		.word	1073887232
 380 003c 00380140 		.word	1073821696
 381              		.cfi_endproc
 382              	.LFE138:
 384              		.text
 385              	.Letext0:
 386              		.file 2 "/usr/arm-none-eabi/include/machine/_default_types.h"
 387              		.file 3 "/usr/arm-none-eabi/include/sys/_stdint.h"
 388              		.file 4 "../../Drivers/CMSIS/Device/ST/STM32F7xx/Include/stm32f769xx.h"
 389              		.file 5 "../../Drivers/STM32F7xx_HAL_Driver/Inc/stm32f7xx_hal_def.h"
 390              		.file 6 "../../Drivers/STM32F7xx_HAL_Driver/Inc/stm32f7xx_hal_dma.h"
 391              		.file 7 "../../Drivers/STM32F7xx_HAL_Driver/Inc/stm32f7xx_hal_i2c.h"
 392              		.file 8 "../../Drivers/CMSIS/Include/core_cm7.h"
ARM GAS  /tmp/ccXJ2R3c.s 			page 12


DEFINED SYMBOLS
                            *ABS*:0000000000000000 stm32f7xx_hal_i2c_ex.c
     /tmp/ccXJ2R3c.s:21     .text.HAL_I2CEx_ConfigAnalogFilter:0000000000000000 $t
     /tmp/ccXJ2R3c.s:26     .text.HAL_I2CEx_ConfigAnalogFilter:0000000000000000 HAL_I2CEx_ConfigAnalogFilter
     /tmp/ccXJ2R3c.s:135    .text.HAL_I2CEx_ConfigDigitalFilter:0000000000000000 $t
     /tmp/ccXJ2R3c.s:140    .text.HAL_I2CEx_ConfigDigitalFilter:0000000000000000 HAL_I2CEx_ConfigDigitalFilter
     /tmp/ccXJ2R3c.s:254    .text.HAL_I2CEx_EnableFastModePlus:0000000000000000 $t
     /tmp/ccXJ2R3c.s:259    .text.HAL_I2CEx_EnableFastModePlus:0000000000000000 HAL_I2CEx_EnableFastModePlus
     /tmp/ccXJ2R3c.s:313    .text.HAL_I2CEx_EnableFastModePlus:0000000000000038 $d
     /tmp/ccXJ2R3c.s:319    .text.HAL_I2CEx_DisableFastModePlus:0000000000000000 $t
     /tmp/ccXJ2R3c.s:324    .text.HAL_I2CEx_DisableFastModePlus:0000000000000000 HAL_I2CEx_DisableFastModePlus
     /tmp/ccXJ2R3c.s:379    .text.HAL_I2CEx_DisableFastModePlus:0000000000000038 $d
                     .debug_frame:0000000000000010 $d

NO UNDEFINED SYMBOLS
